[2024-06-05T16:34:09.963+0000] {local_task_job_runner.py:120} INFO - ::group::Pre task execution logs
[2024-06-05T16:34:09.990+0000] {taskinstance.py:2076} INFO - Dependencies all met for dep_context=non-requeueable deps ti=<TaskInstance: car_price_prediction.pipeline scheduled__2023-09-17T15:00:00+00:00 [queued]>
[2024-06-05T16:34:10.012+0000] {taskinstance.py:2076} INFO - Dependencies all met for dep_context=requeueable deps ti=<TaskInstance: car_price_prediction.pipeline scheduled__2023-09-17T15:00:00+00:00 [queued]>
[2024-06-05T16:34:10.013+0000] {taskinstance.py:2306} INFO - Starting attempt 1 of 2
[2024-06-05T16:34:10.070+0000] {taskinstance.py:2330} INFO - Executing <Task(PythonOperator): pipeline> on 2023-09-17 15:00:00+00:00
[2024-06-05T16:34:10.083+0000] {warnings.py:110} WARNING - /home/***/.local/lib/python3.12/site-packages/***/task/task_runner/standard_task_runner.py:61: DeprecationWarning: This process (pid=11472) is multi-threaded, use of fork() may lead to deadlocks in the child.
  pid = os.fork()

[2024-06-05T16:34:10.083+0000] {standard_task_runner.py:63} INFO - Started process 11627 to run task
[2024-06-05T16:34:10.084+0000] {standard_task_runner.py:90} INFO - Running: ['***', 'tasks', 'run', 'car_price_prediction', 'pipeline', 'scheduled__2023-09-17T15:00:00+00:00', '--job-id', '889', '--raw', '--subdir', 'DAGS_FOLDER/hw_dag.py', '--cfg-path', '/tmp/tmp1waqf50h']
[2024-06-05T16:34:10.085+0000] {standard_task_runner.py:91} INFO - Job 889: Subtask pipeline
[2024-06-05T16:34:10.147+0000] {task_command.py:426} INFO - Running <TaskInstance: car_price_prediction.pipeline scheduled__2023-09-17T15:00:00+00:00 [running]> on host ece5ff154bbf
[2024-06-05T16:34:10.328+0000] {taskinstance.py:2648} INFO - Exporting env vars: AIRFLOW_CTX_DAG_OWNER='***' AIRFLOW_CTX_DAG_ID='car_price_prediction' AIRFLOW_CTX_TASK_ID='pipeline' AIRFLOW_CTX_EXECUTION_DATE='2023-09-17T15:00:00+00:00' AIRFLOW_CTX_TRY_NUMBER='1' AIRFLOW_CTX_DAG_RUN_ID='scheduled__2023-09-17T15:00:00+00:00'
[2024-06-05T16:34:10.329+0000] {taskinstance.py:430} INFO - ::endgroup::
[2024-06-05T16:34:11.731+0000] {pipeline.py:116} INFO - model: LogisticRegression, acc_mean: 0.7591, acc_std: 0.0075
[2024-06-05T16:34:31.599+0000] {pipeline.py:116} INFO - model: RandomForestClassifier, acc_mean: 0.7778, acc_std: 0.0048
[2024-06-05T16:34:43.496+0000] {pipeline.py:116} INFO - model: SVC, acc_mean: 0.7871, acc_std: 0.0042
[2024-06-05T16:34:43.496+0000] {pipeline.py:121} INFO - best model: SVC, accuracy: 0.7871
[2024-06-05T16:34:47.710+0000] {pipeline.py:129} INFO - Model is saved as /home/***/***_hw/data/models/cars_pipe_202406051634.pkl
[2024-06-05T16:34:47.713+0000] {python.py:237} INFO - Done. Returned value was: None
[2024-06-05T16:34:47.713+0000] {taskinstance.py:441} INFO - ::group::Post task execution logs
[2024-06-05T16:34:47.725+0000] {taskinstance.py:1206} INFO - Marking task as SUCCESS. dag_id=car_price_prediction, task_id=pipeline, run_id=scheduled__2023-09-17T15:00:00+00:00, execution_date=20230917T150000, start_date=20240605T163409, end_date=20240605T163447
[2024-06-05T16:34:47.785+0000] {local_task_job_runner.py:240} INFO - Task exited with return code 0
[2024-06-05T16:34:47.799+0000] {taskinstance.py:3498} INFO - 1 downstream tasks scheduled from follow-on schedule check
[2024-06-05T16:34:47.804+0000] {local_task_job_runner.py:222} INFO - ::endgroup::
[2024-06-05T20:49:50.593+0000] {local_task_job_runner.py:120} INFO - ::group::Pre task execution logs
[2024-06-05T20:49:50.614+0000] {taskinstance.py:2076} INFO - Dependencies all met for dep_context=non-requeueable deps ti=<TaskInstance: car_price_prediction.pipeline scheduled__2023-09-17T15:00:00+00:00 [queued]>
[2024-06-05T20:49:50.636+0000] {taskinstance.py:2076} INFO - Dependencies all met for dep_context=requeueable deps ti=<TaskInstance: car_price_prediction.pipeline scheduled__2023-09-17T15:00:00+00:00 [queued]>
[2024-06-05T20:49:50.637+0000] {taskinstance.py:2306} INFO - Starting attempt 1 of 2
[2024-06-05T20:49:50.673+0000] {taskinstance.py:2330} INFO - Executing <Task(PythonOperator): pipeline> on 2023-09-17 15:00:00+00:00
[2024-06-05T20:49:50.687+0000] {warnings.py:110} WARNING - /home/***/.local/lib/python3.12/site-packages/***/task/task_runner/standard_task_runner.py:61: DeprecationWarning: This process (pid=16535) is multi-threaded, use of fork() may lead to deadlocks in the child.
  pid = os.fork()

[2024-06-05T20:49:50.688+0000] {standard_task_runner.py:63} INFO - Started process 16706 to run task
[2024-06-05T20:49:50.688+0000] {standard_task_runner.py:90} INFO - Running: ['***', 'tasks', 'run', 'car_price_prediction', 'pipeline', 'scheduled__2023-09-17T15:00:00+00:00', '--job-id', '2210', '--raw', '--subdir', 'DAGS_FOLDER/hw_dag.py', '--cfg-path', '/tmp/tmpx4_7x5ho']
[2024-06-05T20:49:50.689+0000] {standard_task_runner.py:91} INFO - Job 2210: Subtask pipeline
[2024-06-05T20:49:50.740+0000] {task_command.py:426} INFO - Running <TaskInstance: car_price_prediction.pipeline scheduled__2023-09-17T15:00:00+00:00 [running]> on host d0ff8214a49e
[2024-06-05T20:49:50.820+0000] {taskinstance.py:2648} INFO - Exporting env vars: AIRFLOW_CTX_DAG_OWNER='***' AIRFLOW_CTX_DAG_ID='car_price_prediction' AIRFLOW_CTX_TASK_ID='pipeline' AIRFLOW_CTX_EXECUTION_DATE='2023-09-17T15:00:00+00:00' AIRFLOW_CTX_TRY_NUMBER='1' AIRFLOW_CTX_DAG_RUN_ID='scheduled__2023-09-17T15:00:00+00:00'
[2024-06-05T20:49:50.821+0000] {taskinstance.py:430} INFO - ::endgroup::
[2024-06-05T20:49:50.823+0000] {taskinstance.py:441} INFO - ::group::Post task execution logs
[2024-06-05T20:49:50.823+0000] {taskinstance.py:2905} ERROR - Task failed with exception
Traceback (most recent call last):
  File "/home/airflow/.local/lib/python3.12/site-packages/airflow/models/taskinstance.py", line 465, in _execute_task
    result = _execute_callable(context=context, **execute_callable_kwargs)
             ^^^^^^^^^^^^^^^^^^^^^^^^^^^^^^^^^^^^^^^^^^^^^^^^^^^^^^^^^^^^^
  File "/home/airflow/.local/lib/python3.12/site-packages/airflow/models/taskinstance.py", line 432, in _execute_callable
    return execute_callable(context=context, **execute_callable_kwargs)
           ^^^^^^^^^^^^^^^^^^^^^^^^^^^^^^^^^^^^^^^^^^^^^^^^^^^^^^^^^^^^
  File "/home/airflow/.local/lib/python3.12/site-packages/airflow/models/baseoperator.py", line 400, in wrapper
    return func(self, *args, **kwargs)
           ^^^^^^^^^^^^^^^^^^^^^^^^^^^
  File "/home/airflow/.local/lib/python3.12/site-packages/airflow/operators/python.py", line 235, in execute
    return_value = self.execute_callable()
                   ^^^^^^^^^^^^^^^^^^^^^^^
  File "/home/airflow/.local/lib/python3.12/site-packages/airflow/operators/python.py", line 252, in execute_callable
    return self.python_callable(*self.op_args, **self.op_kwargs)
           ^^^^^^^^^^^^^^^^^^^^^^^^^^^^^^^^^^^^^^^^^^^^^^^^^^^^^
  File "/home/airflow/airflow_hw/modules/pipeline.py", line 73, in pipeline
    df = pd.read_csv(f'{path}/data/train/homework.csv')
         ^^^^^^^^^^^^^^^^^^^^^^^^^^^^^^^^^^^^^^^^^^^^^^
  File "/home/airflow/.local/lib/python3.12/site-packages/pandas/io/parsers/readers.py", line 948, in read_csv
    return _read(filepath_or_buffer, kwds)
           ^^^^^^^^^^^^^^^^^^^^^^^^^^^^^^^
  File "/home/airflow/.local/lib/python3.12/site-packages/pandas/io/parsers/readers.py", line 611, in _read
    parser = TextFileReader(filepath_or_buffer, **kwds)
             ^^^^^^^^^^^^^^^^^^^^^^^^^^^^^^^^^^^^^^^^^^
  File "/home/airflow/.local/lib/python3.12/site-packages/pandas/io/parsers/readers.py", line 1448, in __init__
    self._engine = self._make_engine(f, self.engine)
                   ^^^^^^^^^^^^^^^^^^^^^^^^^^^^^^^^^
  File "/home/airflow/.local/lib/python3.12/site-packages/pandas/io/parsers/readers.py", line 1705, in _make_engine
    self.handles = get_handle(
                   ^^^^^^^^^^^
  File "/home/airflow/.local/lib/python3.12/site-packages/pandas/io/common.py", line 863, in get_handle
    handle = open(
             ^^^^^
FileNotFoundError: [Errno 2] No such file or directory: './data/train/homework.csv'
[2024-06-05T20:49:50.830+0000] {taskinstance.py:1206} INFO - Marking task as UP_FOR_RETRY. dag_id=car_price_prediction, task_id=pipeline, run_id=scheduled__2023-09-17T15:00:00+00:00, execution_date=20230917T150000, start_date=20240605T204950, end_date=20240605T204950
[2024-06-05T20:49:50.842+0000] {standard_task_runner.py:110} ERROR - Failed to execute job 2210 for task pipeline ([Errno 2] No such file or directory: './data/train/homework.csv'; 16706)
[2024-06-05T20:49:50.866+0000] {local_task_job_runner.py:240} INFO - Task exited with return code 1
[2024-06-05T20:49:50.883+0000] {taskinstance.py:3498} INFO - 0 downstream tasks scheduled from follow-on schedule check
[2024-06-05T20:49:50.885+0000] {local_task_job_runner.py:222} INFO - ::endgroup::
[2024-06-07T16:57:57.604+0000] {local_task_job_runner.py:120} INFO - ::group::Pre task execution logs
[2024-06-07T16:57:57.618+0000] {taskinstance.py:2076} INFO - Dependencies all met for dep_context=non-requeueable deps ti=<TaskInstance: car_price_prediction.pipeline scheduled__2023-09-17T15:00:00+00:00 [queued]>
[2024-06-07T16:57:57.623+0000] {taskinstance.py:2076} INFO - Dependencies all met for dep_context=requeueable deps ti=<TaskInstance: car_price_prediction.pipeline scheduled__2023-09-17T15:00:00+00:00 [queued]>
[2024-06-07T16:57:57.623+0000] {taskinstance.py:2306} INFO - Starting attempt 1 of 2
[2024-06-07T16:57:57.632+0000] {taskinstance.py:2330} INFO - Executing <Task(PythonOperator): pipeline> on 2023-09-17 15:00:00+00:00
[2024-06-07T16:57:57.642+0000] {warnings.py:110} WARNING - /home/***/.local/lib/python3.12/site-packages/***/task/task_runner/standard_task_runner.py:61: DeprecationWarning: This process (pid=1077) is multi-threaded, use of fork() may lead to deadlocks in the child.
  pid = os.fork()

[2024-06-07T16:57:57.643+0000] {standard_task_runner.py:63} INFO - Started process 1186 to run task
[2024-06-07T16:57:57.643+0000] {standard_task_runner.py:90} INFO - Running: ['***', 'tasks', 'run', 'car_price_prediction', 'pipeline', 'scheduled__2023-09-17T15:00:00+00:00', '--job-id', '2818', '--raw', '--subdir', 'DAGS_FOLDER/hw_dag.py', '--cfg-path', '/tmp/tmplqpdaobx']
[2024-06-07T16:57:57.644+0000] {standard_task_runner.py:91} INFO - Job 2818: Subtask pipeline
[2024-06-07T16:57:57.671+0000] {task_command.py:426} INFO - Running <TaskInstance: car_price_prediction.pipeline scheduled__2023-09-17T15:00:00+00:00 [running]> on host 8327df20ae13
[2024-06-07T16:57:57.726+0000] {taskinstance.py:2648} INFO - Exporting env vars: AIRFLOW_CTX_DAG_OWNER='***' AIRFLOW_CTX_DAG_ID='car_price_prediction' AIRFLOW_CTX_TASK_ID='pipeline' AIRFLOW_CTX_EXECUTION_DATE='2023-09-17T15:00:00+00:00' AIRFLOW_CTX_TRY_NUMBER='1' AIRFLOW_CTX_DAG_RUN_ID='scheduled__2023-09-17T15:00:00+00:00'
[2024-06-07T16:57:57.727+0000] {taskinstance.py:430} INFO - ::endgroup::
[2024-06-07T16:57:57.728+0000] {taskinstance.py:441} INFO - ::group::Post task execution logs
[2024-06-07T16:57:57.728+0000] {taskinstance.py:2905} ERROR - Task failed with exception
Traceback (most recent call last):
  File "/home/airflow/.local/lib/python3.12/site-packages/airflow/models/taskinstance.py", line 465, in _execute_task
    result = _execute_callable(context=context, **execute_callable_kwargs)
             ^^^^^^^^^^^^^^^^^^^^^^^^^^^^^^^^^^^^^^^^^^^^^^^^^^^^^^^^^^^^^
  File "/home/airflow/.local/lib/python3.12/site-packages/airflow/models/taskinstance.py", line 432, in _execute_callable
    return execute_callable(context=context, **execute_callable_kwargs)
           ^^^^^^^^^^^^^^^^^^^^^^^^^^^^^^^^^^^^^^^^^^^^^^^^^^^^^^^^^^^^
  File "/home/airflow/.local/lib/python3.12/site-packages/airflow/models/baseoperator.py", line 400, in wrapper
    return func(self, *args, **kwargs)
           ^^^^^^^^^^^^^^^^^^^^^^^^^^^
  File "/home/airflow/.local/lib/python3.12/site-packages/airflow/operators/python.py", line 235, in execute
    return_value = self.execute_callable()
                   ^^^^^^^^^^^^^^^^^^^^^^^
  File "/home/airflow/.local/lib/python3.12/site-packages/airflow/operators/python.py", line 252, in execute_callable
    return self.python_callable(*self.op_args, **self.op_kwargs)
           ^^^^^^^^^^^^^^^^^^^^^^^^^^^^^^^^^^^^^^^^^^^^^^^^^^^^^
  File "/home/airflow/airflow_hw/modules/pipeline.py", line 92, in pipeline
    df = pd.read_csv(f'{path}/data/train/homework.csv')
         ^^^^^^^^^^^^^^^^^^^^^^^^^^^^^^^^^^^^^^^^^^^^^^
  File "/home/airflow/.local/lib/python3.12/site-packages/pandas/io/parsers/readers.py", line 948, in read_csv
    return _read(filepath_or_buffer, kwds)
           ^^^^^^^^^^^^^^^^^^^^^^^^^^^^^^^
  File "/home/airflow/.local/lib/python3.12/site-packages/pandas/io/parsers/readers.py", line 611, in _read
    parser = TextFileReader(filepath_or_buffer, **kwds)
             ^^^^^^^^^^^^^^^^^^^^^^^^^^^^^^^^^^^^^^^^^^
  File "/home/airflow/.local/lib/python3.12/site-packages/pandas/io/parsers/readers.py", line 1448, in __init__
    self._engine = self._make_engine(f, self.engine)
                   ^^^^^^^^^^^^^^^^^^^^^^^^^^^^^^^^^
  File "/home/airflow/.local/lib/python3.12/site-packages/pandas/io/parsers/readers.py", line 1705, in _make_engine
    self.handles = get_handle(
                   ^^^^^^^^^^^
  File "/home/airflow/.local/lib/python3.12/site-packages/pandas/io/common.py", line 863, in get_handle
    handle = open(
             ^^^^^
FileNotFoundError: [Errno 2] No such file or directory: '/home/alexander/airflow_hw/data/train/homework.csv'
[2024-06-07T16:57:57.734+0000] {taskinstance.py:1206} INFO - Marking task as UP_FOR_RETRY. dag_id=car_price_prediction, task_id=pipeline, run_id=scheduled__2023-09-17T15:00:00+00:00, execution_date=20230917T150000, start_date=20240607T165757, end_date=20240607T165757
[2024-06-07T16:57:57.740+0000] {standard_task_runner.py:110} ERROR - Failed to execute job 2818 for task pipeline ([Errno 2] No such file or directory: '/home/alexander/airflow_hw/data/train/homework.csv'; 1186)
[2024-06-07T16:57:57.775+0000] {local_task_job_runner.py:240} INFO - Task exited with return code 1
[2024-06-07T16:57:57.787+0000] {taskinstance.py:3498} INFO - 0 downstream tasks scheduled from follow-on schedule check
[2024-06-07T16:57:57.789+0000] {local_task_job_runner.py:222} INFO - ::endgroup::
