[2024-06-05T16:00:58.927+0000] {local_task_job_runner.py:120} INFO - ::group::Pre task execution logs
[2024-06-05T16:00:58.943+0000] {taskinstance.py:2076} INFO - Dependencies all met for dep_context=non-requeueable deps ti=<TaskInstance: car_price_prediction.pipeline manual__2024-06-05T16:00:18.996874+00:00 [queued]>
[2024-06-05T16:00:58.948+0000] {taskinstance.py:2076} INFO - Dependencies all met for dep_context=requeueable deps ti=<TaskInstance: car_price_prediction.pipeline manual__2024-06-05T16:00:18.996874+00:00 [queued]>
[2024-06-05T16:00:58.949+0000] {taskinstance.py:2306} INFO - Starting attempt 1 of 2
[2024-06-05T16:00:58.961+0000] {taskinstance.py:2330} INFO - Executing <Task(PythonOperator): pipeline> on 2024-06-05 16:00:18.996874+00:00
[2024-06-05T16:00:58.974+0000] {warnings.py:110} WARNING - /home/***/.local/lib/python3.12/site-packages/***/task/task_runner/standard_task_runner.py:61: DeprecationWarning: This process (pid=2169) is multi-threaded, use of fork() may lead to deadlocks in the child.
  pid = os.fork()

[2024-06-05T16:00:58.975+0000] {standard_task_runner.py:90} INFO - Running: ['***', 'tasks', 'run', 'car_price_prediction', 'pipeline', 'manual__2024-06-05T16:00:18.996874+00:00', '--job-id', '300', '--raw', '--subdir', 'DAGS_FOLDER/hw_dag.py', '--cfg-path', '/tmp/tmpxsoy04td']
[2024-06-05T16:00:58.976+0000] {standard_task_runner.py:63} INFO - Started process 2246 to run task
[2024-06-05T16:00:58.976+0000] {standard_task_runner.py:91} INFO - Job 300: Subtask pipeline
[2024-06-05T16:00:59.020+0000] {task_command.py:426} INFO - Running <TaskInstance: car_price_prediction.pipeline manual__2024-06-05T16:00:18.996874+00:00 [running]> on host ece5ff154bbf
[2024-06-05T16:00:59.098+0000] {taskinstance.py:2648} INFO - Exporting env vars: AIRFLOW_CTX_DAG_OWNER='***' AIRFLOW_CTX_DAG_ID='car_price_prediction' AIRFLOW_CTX_TASK_ID='pipeline' AIRFLOW_CTX_EXECUTION_DATE='2024-06-05T16:00:18.996874+00:00' AIRFLOW_CTX_TRY_NUMBER='1' AIRFLOW_CTX_DAG_RUN_ID='manual__2024-06-05T16:00:18.996874+00:00'
[2024-06-05T16:00:59.099+0000] {taskinstance.py:430} INFO - ::endgroup::
[2024-06-05T16:00:59.974+0000] {pipeline.py:116} INFO - model: LogisticRegression, acc_mean: 0.7591, acc_std: 0.0075
[2024-06-05T16:01:14.076+0000] {pipeline.py:116} INFO - model: RandomForestClassifier, acc_mean: 0.7778, acc_std: 0.0048
[2024-06-05T16:01:24.473+0000] {pipeline.py:116} INFO - model: SVC, acc_mean: 0.7871, acc_std: 0.0042
[2024-06-05T16:01:24.473+0000] {pipeline.py:121} INFO - best model: SVC, accuracy: 0.7871
[2024-06-05T16:01:28.863+0000] {pipeline.py:129} INFO - Model is saved as /home/***/***_hw/data/models/cars_pipe_202406051601.pkl
[2024-06-05T16:01:28.899+0000] {python.py:237} INFO - Done. Returned value was: None
[2024-06-05T16:01:28.900+0000] {taskinstance.py:441} INFO - ::group::Post task execution logs
[2024-06-05T16:01:28.918+0000] {taskinstance.py:1206} INFO - Marking task as SUCCESS. dag_id=car_price_prediction, task_id=pipeline, run_id=manual__2024-06-05T16:00:18.996874+00:00, execution_date=20240605T160018, start_date=20240605T160058, end_date=20240605T160128
[2024-06-05T16:01:29.005+0000] {local_task_job_runner.py:240} INFO - Task exited with return code 0
[2024-06-05T16:01:29.019+0000] {taskinstance.py:3498} INFO - 1 downstream tasks scheduled from follow-on schedule check
[2024-06-05T16:01:29.023+0000] {local_task_job_runner.py:222} INFO - ::endgroup::
