[2024-06-07T18:33:39.148+0000] {local_task_job_runner.py:120} INFO - ::group::Pre task execution logs
[2024-06-07T18:33:39.159+0000] {taskinstance.py:2076} INFO - Dependencies all met for dep_context=non-requeueable deps ti=<TaskInstance: car_price_prediction.predict manual__2024-06-07T18:32:16.880856+00:00 [queued]>
[2024-06-07T18:33:39.162+0000] {taskinstance.py:2076} INFO - Dependencies all met for dep_context=requeueable deps ti=<TaskInstance: car_price_prediction.predict manual__2024-06-07T18:32:16.880856+00:00 [queued]>
[2024-06-07T18:33:39.162+0000] {taskinstance.py:2306} INFO - Starting attempt 2 of 2
[2024-06-07T18:33:39.169+0000] {taskinstance.py:2330} INFO - Executing <Task(PythonOperator): predict> on 2024-06-07 18:32:16.880856+00:00
[2024-06-07T18:33:39.177+0000] {warnings.py:110} WARNING - /home/***/.local/lib/python3.12/site-packages/***/task/task_runner/standard_task_runner.py:61: DeprecationWarning: This process (pid=134) is multi-threaded, use of fork() may lead to deadlocks in the child.
  pid = os.fork()

[2024-06-07T18:33:39.177+0000] {standard_task_runner.py:63} INFO - Started process 148 to run task
[2024-06-07T18:33:39.178+0000] {standard_task_runner.py:90} INFO - Running: ['***', 'tasks', 'run', 'car_price_prediction', 'predict', 'manual__2024-06-07T18:32:16.880856+00:00', '--job-id', '2901', '--raw', '--subdir', 'DAGS_FOLDER/hw_dag.py', '--cfg-path', '/tmp/tmpnog7h7fk']
[2024-06-07T18:33:39.178+0000] {standard_task_runner.py:91} INFO - Job 2901: Subtask predict
[2024-06-07T18:33:39.202+0000] {task_command.py:426} INFO - Running <TaskInstance: car_price_prediction.predict manual__2024-06-07T18:32:16.880856+00:00 [running]> on host db7ba731c0de
[2024-06-07T18:33:39.247+0000] {taskinstance.py:2648} INFO - Exporting env vars: AIRFLOW_CTX_DAG_OWNER='***' AIRFLOW_CTX_DAG_ID='car_price_prediction' AIRFLOW_CTX_TASK_ID='predict' AIRFLOW_CTX_EXECUTION_DATE='2024-06-07T18:32:16.880856+00:00' AIRFLOW_CTX_TRY_NUMBER='2' AIRFLOW_CTX_DAG_RUN_ID='manual__2024-06-07T18:32:16.880856+00:00'
[2024-06-07T18:33:39.248+0000] {taskinstance.py:430} INFO - ::endgroup::
[2024-06-07T18:33:39.249+0000] {taskinstance.py:441} INFO - ::group::Post task execution logs
[2024-06-07T18:33:39.249+0000] {taskinstance.py:2905} ERROR - Task failed with exception
Traceback (most recent call last):
  File "/home/airflow/.local/lib/python3.12/site-packages/airflow/models/taskinstance.py", line 465, in _execute_task
    result = _execute_callable(context=context, **execute_callable_kwargs)
             ^^^^^^^^^^^^^^^^^^^^^^^^^^^^^^^^^^^^^^^^^^^^^^^^^^^^^^^^^^^^^
  File "/home/airflow/.local/lib/python3.12/site-packages/airflow/models/taskinstance.py", line 432, in _execute_callable
    return execute_callable(context=context, **execute_callable_kwargs)
           ^^^^^^^^^^^^^^^^^^^^^^^^^^^^^^^^^^^^^^^^^^^^^^^^^^^^^^^^^^^^
  File "/home/airflow/.local/lib/python3.12/site-packages/airflow/models/baseoperator.py", line 400, in wrapper
    return func(self, *args, **kwargs)
           ^^^^^^^^^^^^^^^^^^^^^^^^^^^
  File "/home/airflow/.local/lib/python3.12/site-packages/airflow/operators/python.py", line 235, in execute
    return_value = self.execute_callable()
                   ^^^^^^^^^^^^^^^^^^^^^^^
  File "/home/airflow/.local/lib/python3.12/site-packages/airflow/operators/python.py", line 252, in execute_callable
    return self.python_callable(*self.op_args, **self.op_kwargs)
           ^^^^^^^^^^^^^^^^^^^^^^^^^^^^^^^^^^^^^^^^^^^^^^^^^^^^^
  File "/home/airflow/airflow_hw/modules/predict.py", line 30, in predict
    model_filename = os.listdir(f'{path}/data/models/')[-1]
                     ^^^^^^^^^^^^^^^^^^^^^^^^^^^^^^^^^^
FileNotFoundError: [Errno 2] No such file or directory: './data/models/'
[2024-06-07T18:33:39.254+0000] {taskinstance.py:1206} INFO - Marking task as FAILED. dag_id=car_price_prediction, task_id=predict, run_id=manual__2024-06-07T18:32:16.880856+00:00, execution_date=20240607T183216, start_date=20240607T183339, end_date=20240607T183339
[2024-06-07T18:33:39.260+0000] {standard_task_runner.py:110} ERROR - Failed to execute job 2901 for task predict ([Errno 2] No such file or directory: './data/models/'; 148)
[2024-06-07T18:33:39.270+0000] {local_task_job_runner.py:240} INFO - Task exited with return code 1
[2024-06-07T18:33:39.279+0000] {taskinstance.py:3498} INFO - 0 downstream tasks scheduled from follow-on schedule check
[2024-06-07T18:33:39.281+0000] {local_task_job_runner.py:222} INFO - ::endgroup::
