[2024-06-05T16:34:11.860+0000] {local_task_job_runner.py:120} INFO - ::group::Pre task execution logs
[2024-06-05T16:34:11.886+0000] {taskinstance.py:2076} INFO - Dependencies all met for dep_context=non-requeueable deps ti=<TaskInstance: car_price_prediction.pipeline scheduled__2023-09-29T15:00:00+00:00 [queued]>
[2024-06-05T16:34:11.892+0000] {taskinstance.py:2076} INFO - Dependencies all met for dep_context=requeueable deps ti=<TaskInstance: car_price_prediction.pipeline scheduled__2023-09-29T15:00:00+00:00 [queued]>
[2024-06-05T16:34:11.892+0000] {taskinstance.py:2306} INFO - Starting attempt 1 of 2
[2024-06-05T16:34:11.904+0000] {taskinstance.py:2330} INFO - Executing <Task(PythonOperator): pipeline> on 2023-09-29 15:00:00+00:00
[2024-06-05T16:34:11.916+0000] {warnings.py:110} WARNING - /home/***/.local/lib/python3.12/site-packages/***/task/task_runner/standard_task_runner.py:61: DeprecationWarning: This process (pid=11613) is multi-threaded, use of fork() may lead to deadlocks in the child.
  pid = os.fork()

[2024-06-05T16:34:11.917+0000] {standard_task_runner.py:63} INFO - Started process 11709 to run task
[2024-06-05T16:34:11.934+0000] {standard_task_runner.py:90} INFO - Running: ['***', 'tasks', 'run', 'car_price_prediction', 'pipeline', 'scheduled__2023-09-29T15:00:00+00:00', '--job-id', '901', '--raw', '--subdir', 'DAGS_FOLDER/hw_dag.py', '--cfg-path', '/tmp/tmpyqp66zlg']
[2024-06-05T16:34:11.935+0000] {standard_task_runner.py:91} INFO - Job 901: Subtask pipeline
[2024-06-05T16:34:12.040+0000] {task_command.py:426} INFO - Running <TaskInstance: car_price_prediction.pipeline scheduled__2023-09-29T15:00:00+00:00 [running]> on host ece5ff154bbf
[2024-06-05T16:34:12.243+0000] {taskinstance.py:2648} INFO - Exporting env vars: AIRFLOW_CTX_DAG_OWNER='***' AIRFLOW_CTX_DAG_ID='car_price_prediction' AIRFLOW_CTX_TASK_ID='pipeline' AIRFLOW_CTX_EXECUTION_DATE='2023-09-29T15:00:00+00:00' AIRFLOW_CTX_TRY_NUMBER='1' AIRFLOW_CTX_DAG_RUN_ID='scheduled__2023-09-29T15:00:00+00:00'
[2024-06-05T16:34:12.244+0000] {taskinstance.py:430} INFO - ::endgroup::
[2024-06-05T16:34:14.063+0000] {pipeline.py:116} INFO - model: LogisticRegression, acc_mean: 0.7591, acc_std: 0.0075
[2024-06-05T16:34:36.066+0000] {pipeline.py:116} INFO - model: RandomForestClassifier, acc_mean: 0.7778, acc_std: 0.0048
[2024-06-05T16:34:48.450+0000] {pipeline.py:116} INFO - model: SVC, acc_mean: 0.7871, acc_std: 0.0042
[2024-06-05T16:34:48.451+0000] {pipeline.py:121} INFO - best model: SVC, accuracy: 0.7871
[2024-06-05T16:34:51.490+0000] {pipeline.py:129} INFO - Model is saved as /home/***/***_hw/data/models/cars_pipe_202406051634.pkl
[2024-06-05T16:34:51.492+0000] {python.py:237} INFO - Done. Returned value was: None
[2024-06-05T16:34:51.492+0000] {taskinstance.py:441} INFO - ::group::Post task execution logs
[2024-06-05T16:34:51.497+0000] {taskinstance.py:1206} INFO - Marking task as SUCCESS. dag_id=car_price_prediction, task_id=pipeline, run_id=scheduled__2023-09-29T15:00:00+00:00, execution_date=20230929T150000, start_date=20240605T163411, end_date=20240605T163451
[2024-06-05T16:34:51.525+0000] {local_task_job_runner.py:240} INFO - Task exited with return code 0
[2024-06-05T16:34:51.536+0000] {taskinstance.py:3498} INFO - 1 downstream tasks scheduled from follow-on schedule check
[2024-06-05T16:34:51.538+0000] {local_task_job_runner.py:222} INFO - ::endgroup::
[2024-06-05T20:51:07.923+0000] {local_task_job_runner.py:120} INFO - ::group::Pre task execution logs
[2024-06-05T20:51:07.953+0000] {taskinstance.py:2076} INFO - Dependencies all met for dep_context=non-requeueable deps ti=<TaskInstance: car_price_prediction.pipeline scheduled__2023-09-29T15:00:00+00:00 [queued]>
[2024-06-05T20:51:07.960+0000] {taskinstance.py:2076} INFO - Dependencies all met for dep_context=requeueable deps ti=<TaskInstance: car_price_prediction.pipeline scheduled__2023-09-29T15:00:00+00:00 [queued]>
[2024-06-05T20:51:07.960+0000] {taskinstance.py:2306} INFO - Starting attempt 1 of 2
[2024-06-05T20:51:07.981+0000] {taskinstance.py:2330} INFO - Executing <Task(PythonOperator): pipeline> on 2023-09-29 15:00:00+00:00
[2024-06-05T20:51:07.997+0000] {warnings.py:110} WARNING - /home/***/.local/lib/python3.12/site-packages/***/task/task_runner/standard_task_runner.py:61: DeprecationWarning: This process (pid=17017) is multi-threaded, use of fork() may lead to deadlocks in the child.
  pid = os.fork()

[2024-06-05T20:51:07.998+0000] {standard_task_runner.py:63} INFO - Started process 17132 to run task
[2024-06-05T20:51:07.999+0000] {standard_task_runner.py:90} INFO - Running: ['***', 'tasks', 'run', 'car_price_prediction', 'pipeline', 'scheduled__2023-09-29T15:00:00+00:00', '--job-id', '2238', '--raw', '--subdir', 'DAGS_FOLDER/hw_dag.py', '--cfg-path', '/tmp/tmpy209tn98']
[2024-06-05T20:51:08.000+0000] {standard_task_runner.py:91} INFO - Job 2238: Subtask pipeline
[2024-06-05T20:51:08.062+0000] {task_command.py:426} INFO - Running <TaskInstance: car_price_prediction.pipeline scheduled__2023-09-29T15:00:00+00:00 [running]> on host d0ff8214a49e
[2024-06-05T20:51:08.232+0000] {taskinstance.py:2648} INFO - Exporting env vars: AIRFLOW_CTX_DAG_OWNER='***' AIRFLOW_CTX_DAG_ID='car_price_prediction' AIRFLOW_CTX_TASK_ID='pipeline' AIRFLOW_CTX_EXECUTION_DATE='2023-09-29T15:00:00+00:00' AIRFLOW_CTX_TRY_NUMBER='1' AIRFLOW_CTX_DAG_RUN_ID='scheduled__2023-09-29T15:00:00+00:00'
[2024-06-05T20:51:08.233+0000] {taskinstance.py:430} INFO - ::endgroup::
[2024-06-05T20:51:08.234+0000] {taskinstance.py:441} INFO - ::group::Post task execution logs
[2024-06-05T20:51:08.235+0000] {taskinstance.py:2905} ERROR - Task failed with exception
Traceback (most recent call last):
  File "/home/airflow/.local/lib/python3.12/site-packages/airflow/models/taskinstance.py", line 465, in _execute_task
    result = _execute_callable(context=context, **execute_callable_kwargs)
             ^^^^^^^^^^^^^^^^^^^^^^^^^^^^^^^^^^^^^^^^^^^^^^^^^^^^^^^^^^^^^
  File "/home/airflow/.local/lib/python3.12/site-packages/airflow/models/taskinstance.py", line 432, in _execute_callable
    return execute_callable(context=context, **execute_callable_kwargs)
           ^^^^^^^^^^^^^^^^^^^^^^^^^^^^^^^^^^^^^^^^^^^^^^^^^^^^^^^^^^^^
  File "/home/airflow/.local/lib/python3.12/site-packages/airflow/models/baseoperator.py", line 400, in wrapper
    return func(self, *args, **kwargs)
           ^^^^^^^^^^^^^^^^^^^^^^^^^^^
  File "/home/airflow/.local/lib/python3.12/site-packages/airflow/operators/python.py", line 235, in execute
    return_value = self.execute_callable()
                   ^^^^^^^^^^^^^^^^^^^^^^^
  File "/home/airflow/.local/lib/python3.12/site-packages/airflow/operators/python.py", line 252, in execute_callable
    return self.python_callable(*self.op_args, **self.op_kwargs)
           ^^^^^^^^^^^^^^^^^^^^^^^^^^^^^^^^^^^^^^^^^^^^^^^^^^^^^
  File "/home/airflow/airflow_hw/modules/pipeline.py", line 73, in pipeline
    df = pd.read_csv(f'{path}/data/train/homework.csv')
         ^^^^^^^^^^^^^^^^^^^^^^^^^^^^^^^^^^^^^^^^^^^^^^
  File "/home/airflow/.local/lib/python3.12/site-packages/pandas/io/parsers/readers.py", line 948, in read_csv
    return _read(filepath_or_buffer, kwds)
           ^^^^^^^^^^^^^^^^^^^^^^^^^^^^^^^
  File "/home/airflow/.local/lib/python3.12/site-packages/pandas/io/parsers/readers.py", line 611, in _read
    parser = TextFileReader(filepath_or_buffer, **kwds)
             ^^^^^^^^^^^^^^^^^^^^^^^^^^^^^^^^^^^^^^^^^^
  File "/home/airflow/.local/lib/python3.12/site-packages/pandas/io/parsers/readers.py", line 1448, in __init__
    self._engine = self._make_engine(f, self.engine)
                   ^^^^^^^^^^^^^^^^^^^^^^^^^^^^^^^^^
  File "/home/airflow/.local/lib/python3.12/site-packages/pandas/io/parsers/readers.py", line 1705, in _make_engine
    self.handles = get_handle(
                   ^^^^^^^^^^^
  File "/home/airflow/.local/lib/python3.12/site-packages/pandas/io/common.py", line 863, in get_handle
    handle = open(
             ^^^^^
FileNotFoundError: [Errno 2] No such file or directory: './data/train/homework.csv'
[2024-06-05T20:51:08.254+0000] {taskinstance.py:1206} INFO - Marking task as UP_FOR_RETRY. dag_id=car_price_prediction, task_id=pipeline, run_id=scheduled__2023-09-29T15:00:00+00:00, execution_date=20230929T150000, start_date=20240605T205107, end_date=20240605T205108
[2024-06-05T20:51:08.273+0000] {standard_task_runner.py:110} ERROR - Failed to execute job 2238 for task pipeline ([Errno 2] No such file or directory: './data/train/homework.csv'; 17132)
[2024-06-05T20:51:08.304+0000] {local_task_job_runner.py:240} INFO - Task exited with return code 1
[2024-06-05T20:51:08.314+0000] {local_task_job_runner.py:222} INFO - ::endgroup::
[2024-06-07T16:59:18.171+0000] {local_task_job_runner.py:120} INFO - ::group::Pre task execution logs
[2024-06-07T16:59:18.201+0000] {taskinstance.py:2076} INFO - Dependencies all met for dep_context=non-requeueable deps ti=<TaskInstance: car_price_prediction.pipeline scheduled__2023-09-29T15:00:00+00:00 [queued]>
[2024-06-07T16:59:18.213+0000] {taskinstance.py:2076} INFO - Dependencies all met for dep_context=requeueable deps ti=<TaskInstance: car_price_prediction.pipeline scheduled__2023-09-29T15:00:00+00:00 [queued]>
[2024-06-07T16:59:18.213+0000] {taskinstance.py:2306} INFO - Starting attempt 1 of 2
[2024-06-07T16:59:18.232+0000] {taskinstance.py:2330} INFO - Executing <Task(PythonOperator): pipeline> on 2023-09-29 15:00:00+00:00
[2024-06-07T16:59:18.243+0000] {warnings.py:110} WARNING - /home/***/.local/lib/python3.12/site-packages/***/task/task_runner/standard_task_runner.py:61: DeprecationWarning: This process (pid=1510) is multi-threaded, use of fork() may lead to deadlocks in the child.
  pid = os.fork()

[2024-06-07T16:59:18.244+0000] {standard_task_runner.py:63} INFO - Started process 1669 to run task
[2024-06-07T16:59:18.246+0000] {standard_task_runner.py:90} INFO - Running: ['***', 'tasks', 'run', 'car_price_prediction', 'pipeline', 'scheduled__2023-09-29T15:00:00+00:00', '--job-id', '2846', '--raw', '--subdir', 'DAGS_FOLDER/hw_dag.py', '--cfg-path', '/tmp/tmpce2ysdrl']
[2024-06-07T16:59:18.246+0000] {standard_task_runner.py:91} INFO - Job 2846: Subtask pipeline
[2024-06-07T16:59:18.324+0000] {task_command.py:426} INFO - Running <TaskInstance: car_price_prediction.pipeline scheduled__2023-09-29T15:00:00+00:00 [running]> on host 8327df20ae13
[2024-06-07T16:59:18.428+0000] {taskinstance.py:2648} INFO - Exporting env vars: AIRFLOW_CTX_DAG_OWNER='***' AIRFLOW_CTX_DAG_ID='car_price_prediction' AIRFLOW_CTX_TASK_ID='pipeline' AIRFLOW_CTX_EXECUTION_DATE='2023-09-29T15:00:00+00:00' AIRFLOW_CTX_TRY_NUMBER='1' AIRFLOW_CTX_DAG_RUN_ID='scheduled__2023-09-29T15:00:00+00:00'
[2024-06-07T16:59:18.433+0000] {taskinstance.py:430} INFO - ::endgroup::
[2024-06-07T16:59:18.435+0000] {taskinstance.py:441} INFO - ::group::Post task execution logs
[2024-06-07T16:59:18.435+0000] {taskinstance.py:2905} ERROR - Task failed with exception
Traceback (most recent call last):
  File "/home/airflow/.local/lib/python3.12/site-packages/airflow/models/taskinstance.py", line 465, in _execute_task
    result = _execute_callable(context=context, **execute_callable_kwargs)
             ^^^^^^^^^^^^^^^^^^^^^^^^^^^^^^^^^^^^^^^^^^^^^^^^^^^^^^^^^^^^^
  File "/home/airflow/.local/lib/python3.12/site-packages/airflow/models/taskinstance.py", line 432, in _execute_callable
    return execute_callable(context=context, **execute_callable_kwargs)
           ^^^^^^^^^^^^^^^^^^^^^^^^^^^^^^^^^^^^^^^^^^^^^^^^^^^^^^^^^^^^
  File "/home/airflow/.local/lib/python3.12/site-packages/airflow/models/baseoperator.py", line 400, in wrapper
    return func(self, *args, **kwargs)
           ^^^^^^^^^^^^^^^^^^^^^^^^^^^
  File "/home/airflow/.local/lib/python3.12/site-packages/airflow/operators/python.py", line 235, in execute
    return_value = self.execute_callable()
                   ^^^^^^^^^^^^^^^^^^^^^^^
  File "/home/airflow/.local/lib/python3.12/site-packages/airflow/operators/python.py", line 252, in execute_callable
    return self.python_callable(*self.op_args, **self.op_kwargs)
           ^^^^^^^^^^^^^^^^^^^^^^^^^^^^^^^^^^^^^^^^^^^^^^^^^^^^^
  File "/home/airflow/airflow_hw/modules/pipeline.py", line 92, in pipeline
    df = pd.read_csv(f'{path}/data/train/homework.csv')
         ^^^^^^^^^^^^^^^^^^^^^^^^^^^^^^^^^^^^^^^^^^^^^^
  File "/home/airflow/.local/lib/python3.12/site-packages/pandas/io/parsers/readers.py", line 948, in read_csv
    return _read(filepath_or_buffer, kwds)
           ^^^^^^^^^^^^^^^^^^^^^^^^^^^^^^^
  File "/home/airflow/.local/lib/python3.12/site-packages/pandas/io/parsers/readers.py", line 611, in _read
    parser = TextFileReader(filepath_or_buffer, **kwds)
             ^^^^^^^^^^^^^^^^^^^^^^^^^^^^^^^^^^^^^^^^^^
  File "/home/airflow/.local/lib/python3.12/site-packages/pandas/io/parsers/readers.py", line 1448, in __init__
    self._engine = self._make_engine(f, self.engine)
                   ^^^^^^^^^^^^^^^^^^^^^^^^^^^^^^^^^
  File "/home/airflow/.local/lib/python3.12/site-packages/pandas/io/parsers/readers.py", line 1705, in _make_engine
    self.handles = get_handle(
                   ^^^^^^^^^^^
  File "/home/airflow/.local/lib/python3.12/site-packages/pandas/io/common.py", line 863, in get_handle
    handle = open(
             ^^^^^
FileNotFoundError: [Errno 2] No such file or directory: '/home/alexander/airflow_hw/data/train/homework.csv'
[2024-06-07T16:59:18.449+0000] {taskinstance.py:1206} INFO - Marking task as UP_FOR_RETRY. dag_id=car_price_prediction, task_id=pipeline, run_id=scheduled__2023-09-29T15:00:00+00:00, execution_date=20230929T150000, start_date=20240607T165918, end_date=20240607T165918
[2024-06-07T16:59:18.467+0000] {standard_task_runner.py:110} ERROR - Failed to execute job 2846 for task pipeline ([Errno 2] No such file or directory: '/home/alexander/airflow_hw/data/train/homework.csv'; 1669)
[2024-06-07T16:59:18.514+0000] {local_task_job_runner.py:240} INFO - Task exited with return code 1
[2024-06-07T16:59:18.544+0000] {taskinstance.py:3498} INFO - 0 downstream tasks scheduled from follow-on schedule check
[2024-06-07T16:59:18.546+0000] {local_task_job_runner.py:222} INFO - ::endgroup::
