[2024-06-05T16:34:11.930+0000] {local_task_job_runner.py:120} INFO - ::group::Pre task execution logs
[2024-06-05T16:34:11.974+0000] {taskinstance.py:2076} INFO - Dependencies all met for dep_context=non-requeueable deps ti=<TaskInstance: car_price_prediction.pipeline scheduled__2023-09-30T15:00:00+00:00 [queued]>
[2024-06-05T16:34:11.988+0000] {taskinstance.py:2076} INFO - Dependencies all met for dep_context=requeueable deps ti=<TaskInstance: car_price_prediction.pipeline scheduled__2023-09-30T15:00:00+00:00 [queued]>
[2024-06-05T16:34:11.989+0000] {taskinstance.py:2306} INFO - Starting attempt 1 of 2
[2024-06-05T16:34:12.010+0000] {taskinstance.py:2330} INFO - Executing <Task(PythonOperator): pipeline> on 2023-09-30 15:00:00+00:00
[2024-06-05T16:34:12.021+0000] {warnings.py:110} WARNING - /home/***/.local/lib/python3.12/site-packages/***/task/task_runner/standard_task_runner.py:61: DeprecationWarning: This process (pid=11628) is multi-threaded, use of fork() may lead to deadlocks in the child.
  pid = os.fork()

[2024-06-05T16:34:12.022+0000] {standard_task_runner.py:63} INFO - Started process 11710 to run task
[2024-06-05T16:34:12.034+0000] {standard_task_runner.py:90} INFO - Running: ['***', 'tasks', 'run', 'car_price_prediction', 'pipeline', 'scheduled__2023-09-30T15:00:00+00:00', '--job-id', '902', '--raw', '--subdir', 'DAGS_FOLDER/hw_dag.py', '--cfg-path', '/tmp/tmp632spdiv']
[2024-06-05T16:34:12.035+0000] {standard_task_runner.py:91} INFO - Job 902: Subtask pipeline
[2024-06-05T16:34:12.155+0000] {task_command.py:426} INFO - Running <TaskInstance: car_price_prediction.pipeline scheduled__2023-09-30T15:00:00+00:00 [running]> on host ece5ff154bbf
[2024-06-05T16:34:12.374+0000] {taskinstance.py:2648} INFO - Exporting env vars: AIRFLOW_CTX_DAG_OWNER='***' AIRFLOW_CTX_DAG_ID='car_price_prediction' AIRFLOW_CTX_TASK_ID='pipeline' AIRFLOW_CTX_EXECUTION_DATE='2023-09-30T15:00:00+00:00' AIRFLOW_CTX_TRY_NUMBER='1' AIRFLOW_CTX_DAG_RUN_ID='scheduled__2023-09-30T15:00:00+00:00'
[2024-06-05T16:34:12.375+0000] {taskinstance.py:430} INFO - ::endgroup::
[2024-06-05T16:34:13.760+0000] {pipeline.py:116} INFO - model: LogisticRegression, acc_mean: 0.7591, acc_std: 0.0075
[2024-06-05T16:34:37.248+0000] {pipeline.py:116} INFO - model: RandomForestClassifier, acc_mean: 0.7778, acc_std: 0.0048
[2024-06-05T16:34:49.504+0000] {pipeline.py:116} INFO - model: SVC, acc_mean: 0.7871, acc_std: 0.0042
[2024-06-05T16:34:49.504+0000] {pipeline.py:121} INFO - best model: SVC, accuracy: 0.7871
[2024-06-05T16:34:52.292+0000] {pipeline.py:129} INFO - Model is saved as /home/***/***_hw/data/models/cars_pipe_202406051634.pkl
[2024-06-05T16:34:52.294+0000] {python.py:237} INFO - Done. Returned value was: None
[2024-06-05T16:34:52.294+0000] {taskinstance.py:441} INFO - ::group::Post task execution logs
[2024-06-05T16:34:52.298+0000] {taskinstance.py:1206} INFO - Marking task as SUCCESS. dag_id=car_price_prediction, task_id=pipeline, run_id=scheduled__2023-09-30T15:00:00+00:00, execution_date=20230930T150000, start_date=20240605T163411, end_date=20240605T163452
[2024-06-05T16:34:52.336+0000] {local_task_job_runner.py:240} INFO - Task exited with return code 0
[2024-06-05T16:34:52.348+0000] {taskinstance.py:3498} INFO - 1 downstream tasks scheduled from follow-on schedule check
[2024-06-05T16:34:52.351+0000] {local_task_job_runner.py:222} INFO - ::endgroup::
[2024-06-05T20:51:08.079+0000] {local_task_job_runner.py:120} INFO - ::group::Pre task execution logs
[2024-06-05T20:51:08.101+0000] {taskinstance.py:2076} INFO - Dependencies all met for dep_context=non-requeueable deps ti=<TaskInstance: car_price_prediction.pipeline scheduled__2023-09-30T15:00:00+00:00 [queued]>
[2024-06-05T20:51:08.125+0000] {taskinstance.py:2076} INFO - Dependencies all met for dep_context=requeueable deps ti=<TaskInstance: car_price_prediction.pipeline scheduled__2023-09-30T15:00:00+00:00 [queued]>
[2024-06-05T20:51:08.125+0000] {taskinstance.py:2306} INFO - Starting attempt 1 of 2
[2024-06-05T20:51:08.148+0000] {taskinstance.py:2330} INFO - Executing <Task(PythonOperator): pipeline> on 2023-09-30 15:00:00+00:00
[2024-06-05T20:51:08.161+0000] {warnings.py:110} WARNING - /home/***/.local/lib/python3.12/site-packages/***/task/task_runner/standard_task_runner.py:61: DeprecationWarning: This process (pid=17018) is multi-threaded, use of fork() may lead to deadlocks in the child.
  pid = os.fork()

[2024-06-05T20:51:08.162+0000] {standard_task_runner.py:63} INFO - Started process 17157 to run task
[2024-06-05T20:51:08.174+0000] {standard_task_runner.py:90} INFO - Running: ['***', 'tasks', 'run', 'car_price_prediction', 'pipeline', 'scheduled__2023-09-30T15:00:00+00:00', '--job-id', '2239', '--raw', '--subdir', 'DAGS_FOLDER/hw_dag.py', '--cfg-path', '/tmp/tmpy3c1mhi9']
[2024-06-05T20:51:08.174+0000] {standard_task_runner.py:91} INFO - Job 2239: Subtask pipeline
[2024-06-05T20:51:08.261+0000] {task_command.py:426} INFO - Running <TaskInstance: car_price_prediction.pipeline scheduled__2023-09-30T15:00:00+00:00 [running]> on host d0ff8214a49e
[2024-06-05T20:51:08.336+0000] {taskinstance.py:2648} INFO - Exporting env vars: AIRFLOW_CTX_DAG_OWNER='***' AIRFLOW_CTX_DAG_ID='car_price_prediction' AIRFLOW_CTX_TASK_ID='pipeline' AIRFLOW_CTX_EXECUTION_DATE='2023-09-30T15:00:00+00:00' AIRFLOW_CTX_TRY_NUMBER='1' AIRFLOW_CTX_DAG_RUN_ID='scheduled__2023-09-30T15:00:00+00:00'
[2024-06-05T20:51:08.337+0000] {taskinstance.py:430} INFO - ::endgroup::
[2024-06-05T20:51:08.338+0000] {taskinstance.py:441} INFO - ::group::Post task execution logs
[2024-06-05T20:51:08.338+0000] {taskinstance.py:2905} ERROR - Task failed with exception
Traceback (most recent call last):
  File "/home/airflow/.local/lib/python3.12/site-packages/airflow/models/taskinstance.py", line 465, in _execute_task
    result = _execute_callable(context=context, **execute_callable_kwargs)
             ^^^^^^^^^^^^^^^^^^^^^^^^^^^^^^^^^^^^^^^^^^^^^^^^^^^^^^^^^^^^^
  File "/home/airflow/.local/lib/python3.12/site-packages/airflow/models/taskinstance.py", line 432, in _execute_callable
    return execute_callable(context=context, **execute_callable_kwargs)
           ^^^^^^^^^^^^^^^^^^^^^^^^^^^^^^^^^^^^^^^^^^^^^^^^^^^^^^^^^^^^
  File "/home/airflow/.local/lib/python3.12/site-packages/airflow/models/baseoperator.py", line 400, in wrapper
    return func(self, *args, **kwargs)
           ^^^^^^^^^^^^^^^^^^^^^^^^^^^
  File "/home/airflow/.local/lib/python3.12/site-packages/airflow/operators/python.py", line 235, in execute
    return_value = self.execute_callable()
                   ^^^^^^^^^^^^^^^^^^^^^^^
  File "/home/airflow/.local/lib/python3.12/site-packages/airflow/operators/python.py", line 252, in execute_callable
    return self.python_callable(*self.op_args, **self.op_kwargs)
           ^^^^^^^^^^^^^^^^^^^^^^^^^^^^^^^^^^^^^^^^^^^^^^^^^^^^^
  File "/home/airflow/airflow_hw/modules/pipeline.py", line 73, in pipeline
    df = pd.read_csv(f'{path}/data/train/homework.csv')
         ^^^^^^^^^^^^^^^^^^^^^^^^^^^^^^^^^^^^^^^^^^^^^^
  File "/home/airflow/.local/lib/python3.12/site-packages/pandas/io/parsers/readers.py", line 948, in read_csv
    return _read(filepath_or_buffer, kwds)
           ^^^^^^^^^^^^^^^^^^^^^^^^^^^^^^^
  File "/home/airflow/.local/lib/python3.12/site-packages/pandas/io/parsers/readers.py", line 611, in _read
    parser = TextFileReader(filepath_or_buffer, **kwds)
             ^^^^^^^^^^^^^^^^^^^^^^^^^^^^^^^^^^^^^^^^^^
  File "/home/airflow/.local/lib/python3.12/site-packages/pandas/io/parsers/readers.py", line 1448, in __init__
    self._engine = self._make_engine(f, self.engine)
                   ^^^^^^^^^^^^^^^^^^^^^^^^^^^^^^^^^
  File "/home/airflow/.local/lib/python3.12/site-packages/pandas/io/parsers/readers.py", line 1705, in _make_engine
    self.handles = get_handle(
                   ^^^^^^^^^^^
  File "/home/airflow/.local/lib/python3.12/site-packages/pandas/io/common.py", line 863, in get_handle
    handle = open(
             ^^^^^
FileNotFoundError: [Errno 2] No such file or directory: './data/train/homework.csv'
[2024-06-05T20:51:08.367+0000] {taskinstance.py:1206} INFO - Marking task as UP_FOR_RETRY. dag_id=car_price_prediction, task_id=pipeline, run_id=scheduled__2023-09-30T15:00:00+00:00, execution_date=20230930T150000, start_date=20240605T205108, end_date=20240605T205108
[2024-06-05T20:51:08.396+0000] {standard_task_runner.py:110} ERROR - Failed to execute job 2239 for task pipeline ([Errno 2] No such file or directory: './data/train/homework.csv'; 17157)
[2024-06-05T20:51:08.478+0000] {local_task_job_runner.py:240} INFO - Task exited with return code 1
[2024-06-05T20:51:08.505+0000] {taskinstance.py:3498} INFO - 0 downstream tasks scheduled from follow-on schedule check
[2024-06-05T20:51:08.510+0000] {local_task_job_runner.py:222} INFO - ::endgroup::
[2024-06-07T16:59:18.330+0000] {local_task_job_runner.py:120} INFO - ::group::Pre task execution logs
[2024-06-07T16:59:18.357+0000] {taskinstance.py:2076} INFO - Dependencies all met for dep_context=non-requeueable deps ti=<TaskInstance: car_price_prediction.pipeline scheduled__2023-09-30T15:00:00+00:00 [queued]>
[2024-06-07T16:59:18.365+0000] {taskinstance.py:2076} INFO - Dependencies all met for dep_context=requeueable deps ti=<TaskInstance: car_price_prediction.pipeline scheduled__2023-09-30T15:00:00+00:00 [queued]>
[2024-06-07T16:59:18.366+0000] {taskinstance.py:2306} INFO - Starting attempt 1 of 2
[2024-06-07T16:59:18.396+0000] {taskinstance.py:2330} INFO - Executing <Task(PythonOperator): pipeline> on 2023-09-30 15:00:00+00:00
[2024-06-07T16:59:18.412+0000] {warnings.py:110} WARNING - /home/***/.local/lib/python3.12/site-packages/***/task/task_runner/standard_task_runner.py:61: DeprecationWarning: This process (pid=1523) is multi-threaded, use of fork() may lead to deadlocks in the child.
  pid = os.fork()

[2024-06-07T16:59:18.413+0000] {standard_task_runner.py:63} INFO - Started process 1671 to run task
[2024-06-07T16:59:18.419+0000] {standard_task_runner.py:90} INFO - Running: ['***', 'tasks', 'run', 'car_price_prediction', 'pipeline', 'scheduled__2023-09-30T15:00:00+00:00', '--job-id', '2847', '--raw', '--subdir', 'DAGS_FOLDER/hw_dag.py', '--cfg-path', '/tmp/tmpsczi2jxq']
[2024-06-07T16:59:18.420+0000] {standard_task_runner.py:91} INFO - Job 2847: Subtask pipeline
[2024-06-07T16:59:18.491+0000] {task_command.py:426} INFO - Running <TaskInstance: car_price_prediction.pipeline scheduled__2023-09-30T15:00:00+00:00 [running]> on host 8327df20ae13
[2024-06-07T16:59:18.583+0000] {taskinstance.py:2648} INFO - Exporting env vars: AIRFLOW_CTX_DAG_OWNER='***' AIRFLOW_CTX_DAG_ID='car_price_prediction' AIRFLOW_CTX_TASK_ID='pipeline' AIRFLOW_CTX_EXECUTION_DATE='2023-09-30T15:00:00+00:00' AIRFLOW_CTX_TRY_NUMBER='1' AIRFLOW_CTX_DAG_RUN_ID='scheduled__2023-09-30T15:00:00+00:00'
[2024-06-07T16:59:18.586+0000] {taskinstance.py:430} INFO - ::endgroup::
[2024-06-07T16:59:18.588+0000] {taskinstance.py:441} INFO - ::group::Post task execution logs
[2024-06-07T16:59:18.588+0000] {taskinstance.py:2905} ERROR - Task failed with exception
Traceback (most recent call last):
  File "/home/airflow/.local/lib/python3.12/site-packages/airflow/models/taskinstance.py", line 465, in _execute_task
    result = _execute_callable(context=context, **execute_callable_kwargs)
             ^^^^^^^^^^^^^^^^^^^^^^^^^^^^^^^^^^^^^^^^^^^^^^^^^^^^^^^^^^^^^
  File "/home/airflow/.local/lib/python3.12/site-packages/airflow/models/taskinstance.py", line 432, in _execute_callable
    return execute_callable(context=context, **execute_callable_kwargs)
           ^^^^^^^^^^^^^^^^^^^^^^^^^^^^^^^^^^^^^^^^^^^^^^^^^^^^^^^^^^^^
  File "/home/airflow/.local/lib/python3.12/site-packages/airflow/models/baseoperator.py", line 400, in wrapper
    return func(self, *args, **kwargs)
           ^^^^^^^^^^^^^^^^^^^^^^^^^^^
  File "/home/airflow/.local/lib/python3.12/site-packages/airflow/operators/python.py", line 235, in execute
    return_value = self.execute_callable()
                   ^^^^^^^^^^^^^^^^^^^^^^^
  File "/home/airflow/.local/lib/python3.12/site-packages/airflow/operators/python.py", line 252, in execute_callable
    return self.python_callable(*self.op_args, **self.op_kwargs)
           ^^^^^^^^^^^^^^^^^^^^^^^^^^^^^^^^^^^^^^^^^^^^^^^^^^^^^
  File "/home/airflow/airflow_hw/modules/pipeline.py", line 92, in pipeline
    df = pd.read_csv(f'{path}/data/train/homework.csv')
         ^^^^^^^^^^^^^^^^^^^^^^^^^^^^^^^^^^^^^^^^^^^^^^
  File "/home/airflow/.local/lib/python3.12/site-packages/pandas/io/parsers/readers.py", line 948, in read_csv
    return _read(filepath_or_buffer, kwds)
           ^^^^^^^^^^^^^^^^^^^^^^^^^^^^^^^
  File "/home/airflow/.local/lib/python3.12/site-packages/pandas/io/parsers/readers.py", line 611, in _read
    parser = TextFileReader(filepath_or_buffer, **kwds)
             ^^^^^^^^^^^^^^^^^^^^^^^^^^^^^^^^^^^^^^^^^^
  File "/home/airflow/.local/lib/python3.12/site-packages/pandas/io/parsers/readers.py", line 1448, in __init__
    self._engine = self._make_engine(f, self.engine)
                   ^^^^^^^^^^^^^^^^^^^^^^^^^^^^^^^^^
  File "/home/airflow/.local/lib/python3.12/site-packages/pandas/io/parsers/readers.py", line 1705, in _make_engine
    self.handles = get_handle(
                   ^^^^^^^^^^^
  File "/home/airflow/.local/lib/python3.12/site-packages/pandas/io/common.py", line 863, in get_handle
    handle = open(
             ^^^^^
FileNotFoundError: [Errno 2] No such file or directory: '/home/alexander/airflow_hw/data/train/homework.csv'
[2024-06-07T16:59:18.598+0000] {taskinstance.py:1206} INFO - Marking task as UP_FOR_RETRY. dag_id=car_price_prediction, task_id=pipeline, run_id=scheduled__2023-09-30T15:00:00+00:00, execution_date=20230930T150000, start_date=20240607T165918, end_date=20240607T165918
[2024-06-07T16:59:18.608+0000] {standard_task_runner.py:110} ERROR - Failed to execute job 2847 for task pipeline ([Errno 2] No such file or directory: '/home/alexander/airflow_hw/data/train/homework.csv'; 1671)
[2024-06-07T16:59:18.631+0000] {local_task_job_runner.py:240} INFO - Task exited with return code 1
[2024-06-07T16:59:18.650+0000] {taskinstance.py:3498} INFO - 0 downstream tasks scheduled from follow-on schedule check
[2024-06-07T16:59:18.654+0000] {local_task_job_runner.py:222} INFO - ::endgroup::
