[2024-06-05T16:33:15.137+0000] {local_task_job_runner.py:120} INFO - ::group::Pre task execution logs
[2024-06-05T16:33:15.166+0000] {taskinstance.py:2076} INFO - Dependencies all met for dep_context=non-requeueable deps ti=<TaskInstance: car_price_prediction.pipeline scheduled__2023-09-08T15:00:00+00:00 [queued]>
[2024-06-05T16:33:15.171+0000] {taskinstance.py:2076} INFO - Dependencies all met for dep_context=requeueable deps ti=<TaskInstance: car_price_prediction.pipeline scheduled__2023-09-08T15:00:00+00:00 [queued]>
[2024-06-05T16:33:15.172+0000] {taskinstance.py:2306} INFO - Starting attempt 1 of 2
[2024-06-05T16:33:15.188+0000] {taskinstance.py:2330} INFO - Executing <Task(PythonOperator): pipeline> on 2023-09-08 15:00:00+00:00
[2024-06-05T16:33:15.201+0000] {warnings.py:110} WARNING - /home/***/.local/lib/python3.12/site-packages/***/task/task_runner/standard_task_runner.py:61: DeprecationWarning: This process (pid=11036) is multi-threaded, use of fork() may lead to deadlocks in the child.
  pid = os.fork()

[2024-06-05T16:33:15.202+0000] {standard_task_runner.py:63} INFO - Started process 11197 to run task
[2024-06-05T16:33:15.210+0000] {standard_task_runner.py:90} INFO - Running: ['***', 'tasks', 'run', 'car_price_prediction', 'pipeline', 'scheduled__2023-09-08T15:00:00+00:00', '--job-id', '864', '--raw', '--subdir', 'DAGS_FOLDER/hw_dag.py', '--cfg-path', '/tmp/tmp_3pcrl06']
[2024-06-05T16:33:15.211+0000] {standard_task_runner.py:91} INFO - Job 864: Subtask pipeline
[2024-06-05T16:33:15.272+0000] {task_command.py:426} INFO - Running <TaskInstance: car_price_prediction.pipeline scheduled__2023-09-08T15:00:00+00:00 [running]> on host ece5ff154bbf
[2024-06-05T16:33:15.448+0000] {taskinstance.py:2648} INFO - Exporting env vars: AIRFLOW_CTX_DAG_OWNER='***' AIRFLOW_CTX_DAG_ID='car_price_prediction' AIRFLOW_CTX_TASK_ID='pipeline' AIRFLOW_CTX_EXECUTION_DATE='2023-09-08T15:00:00+00:00' AIRFLOW_CTX_TRY_NUMBER='1' AIRFLOW_CTX_DAG_RUN_ID='scheduled__2023-09-08T15:00:00+00:00'
[2024-06-05T16:33:15.449+0000] {taskinstance.py:430} INFO - ::endgroup::
[2024-06-05T16:33:16.855+0000] {pipeline.py:116} INFO - model: LogisticRegression, acc_mean: 0.7591, acc_std: 0.0075
[2024-06-05T16:33:36.883+0000] {pipeline.py:116} INFO - model: RandomForestClassifier, acc_mean: 0.7778, acc_std: 0.0048
[2024-06-05T16:33:46.335+0000] {pipeline.py:116} INFO - model: SVC, acc_mean: 0.7871, acc_std: 0.0042
[2024-06-05T16:33:46.336+0000] {pipeline.py:121} INFO - best model: SVC, accuracy: 0.7871
[2024-06-05T16:33:50.117+0000] {pipeline.py:129} INFO - Model is saved as /home/***/***_hw/data/models/cars_pipe_202406051633.pkl
[2024-06-05T16:33:50.123+0000] {python.py:237} INFO - Done. Returned value was: None
[2024-06-05T16:33:50.123+0000] {taskinstance.py:441} INFO - ::group::Post task execution logs
[2024-06-05T16:33:50.138+0000] {taskinstance.py:1206} INFO - Marking task as SUCCESS. dag_id=car_price_prediction, task_id=pipeline, run_id=scheduled__2023-09-08T15:00:00+00:00, execution_date=20230908T150000, start_date=20240605T163315, end_date=20240605T163350
[2024-06-05T16:33:50.217+0000] {local_task_job_runner.py:240} INFO - Task exited with return code 0
[2024-06-05T16:33:50.231+0000] {taskinstance.py:3498} INFO - 1 downstream tasks scheduled from follow-on schedule check
[2024-06-05T16:33:50.234+0000] {local_task_job_runner.py:222} INFO - ::endgroup::
[2024-06-05T20:48:41.787+0000] {local_task_job_runner.py:120} INFO - ::group::Pre task execution logs
[2024-06-05T20:48:41.799+0000] {taskinstance.py:2076} INFO - Dependencies all met for dep_context=non-requeueable deps ti=<TaskInstance: car_price_prediction.pipeline scheduled__2023-09-08T15:00:00+00:00 [queued]>
[2024-06-05T20:48:41.804+0000] {taskinstance.py:2076} INFO - Dependencies all met for dep_context=requeueable deps ti=<TaskInstance: car_price_prediction.pipeline scheduled__2023-09-08T15:00:00+00:00 [queued]>
[2024-06-05T20:48:41.805+0000] {taskinstance.py:2306} INFO - Starting attempt 1 of 2
[2024-06-05T20:48:41.812+0000] {taskinstance.py:2330} INFO - Executing <Task(PythonOperator): pipeline> on 2023-09-08 15:00:00+00:00
[2024-06-05T20:48:41.821+0000] {warnings.py:110} WARNING - /home/***/.local/lib/python3.12/site-packages/***/task/task_runner/standard_task_runner.py:61: DeprecationWarning: This process (pid=16130) is multi-threaded, use of fork() may lead to deadlocks in the child.
  pid = os.fork()

[2024-06-05T20:48:41.822+0000] {standard_task_runner.py:63} INFO - Started process 16223 to run task
[2024-06-05T20:48:41.822+0000] {standard_task_runner.py:90} INFO - Running: ['***', 'tasks', 'run', 'car_price_prediction', 'pipeline', 'scheduled__2023-09-08T15:00:00+00:00', '--job-id', '2185', '--raw', '--subdir', 'DAGS_FOLDER/hw_dag.py', '--cfg-path', '/tmp/tmpw1mhm33p']
[2024-06-05T20:48:41.823+0000] {standard_task_runner.py:91} INFO - Job 2185: Subtask pipeline
[2024-06-05T20:48:41.849+0000] {task_command.py:426} INFO - Running <TaskInstance: car_price_prediction.pipeline scheduled__2023-09-08T15:00:00+00:00 [running]> on host d0ff8214a49e
[2024-06-05T20:48:41.902+0000] {taskinstance.py:2648} INFO - Exporting env vars: AIRFLOW_CTX_DAG_OWNER='***' AIRFLOW_CTX_DAG_ID='car_price_prediction' AIRFLOW_CTX_TASK_ID='pipeline' AIRFLOW_CTX_EXECUTION_DATE='2023-09-08T15:00:00+00:00' AIRFLOW_CTX_TRY_NUMBER='1' AIRFLOW_CTX_DAG_RUN_ID='scheduled__2023-09-08T15:00:00+00:00'
[2024-06-05T20:48:41.903+0000] {taskinstance.py:430} INFO - ::endgroup::
[2024-06-05T20:48:41.904+0000] {taskinstance.py:441} INFO - ::group::Post task execution logs
[2024-06-05T20:48:41.904+0000] {taskinstance.py:2905} ERROR - Task failed with exception
Traceback (most recent call last):
  File "/home/airflow/.local/lib/python3.12/site-packages/airflow/models/taskinstance.py", line 465, in _execute_task
    result = _execute_callable(context=context, **execute_callable_kwargs)
             ^^^^^^^^^^^^^^^^^^^^^^^^^^^^^^^^^^^^^^^^^^^^^^^^^^^^^^^^^^^^^
  File "/home/airflow/.local/lib/python3.12/site-packages/airflow/models/taskinstance.py", line 432, in _execute_callable
    return execute_callable(context=context, **execute_callable_kwargs)
           ^^^^^^^^^^^^^^^^^^^^^^^^^^^^^^^^^^^^^^^^^^^^^^^^^^^^^^^^^^^^
  File "/home/airflow/.local/lib/python3.12/site-packages/airflow/models/baseoperator.py", line 400, in wrapper
    return func(self, *args, **kwargs)
           ^^^^^^^^^^^^^^^^^^^^^^^^^^^
  File "/home/airflow/.local/lib/python3.12/site-packages/airflow/operators/python.py", line 235, in execute
    return_value = self.execute_callable()
                   ^^^^^^^^^^^^^^^^^^^^^^^
  File "/home/airflow/.local/lib/python3.12/site-packages/airflow/operators/python.py", line 252, in execute_callable
    return self.python_callable(*self.op_args, **self.op_kwargs)
           ^^^^^^^^^^^^^^^^^^^^^^^^^^^^^^^^^^^^^^^^^^^^^^^^^^^^^
  File "/home/airflow/airflow_hw/modules/pipeline.py", line 73, in pipeline
    df = pd.read_csv(f'{path}/data/train/homework.csv')
         ^^^^^^^^^^^^^^^^^^^^^^^^^^^^^^^^^^^^^^^^^^^^^^
  File "/home/airflow/.local/lib/python3.12/site-packages/pandas/io/parsers/readers.py", line 948, in read_csv
    return _read(filepath_or_buffer, kwds)
           ^^^^^^^^^^^^^^^^^^^^^^^^^^^^^^^
  File "/home/airflow/.local/lib/python3.12/site-packages/pandas/io/parsers/readers.py", line 611, in _read
    parser = TextFileReader(filepath_or_buffer, **kwds)
             ^^^^^^^^^^^^^^^^^^^^^^^^^^^^^^^^^^^^^^^^^^
  File "/home/airflow/.local/lib/python3.12/site-packages/pandas/io/parsers/readers.py", line 1448, in __init__
    self._engine = self._make_engine(f, self.engine)
                   ^^^^^^^^^^^^^^^^^^^^^^^^^^^^^^^^^
  File "/home/airflow/.local/lib/python3.12/site-packages/pandas/io/parsers/readers.py", line 1705, in _make_engine
    self.handles = get_handle(
                   ^^^^^^^^^^^
  File "/home/airflow/.local/lib/python3.12/site-packages/pandas/io/common.py", line 863, in get_handle
    handle = open(
             ^^^^^
FileNotFoundError: [Errno 2] No such file or directory: './data/train/homework.csv'
[2024-06-05T20:48:41.910+0000] {taskinstance.py:1206} INFO - Marking task as UP_FOR_RETRY. dag_id=car_price_prediction, task_id=pipeline, run_id=scheduled__2023-09-08T15:00:00+00:00, execution_date=20230908T150000, start_date=20240605T204841, end_date=20240605T204841
[2024-06-05T20:48:41.919+0000] {standard_task_runner.py:110} ERROR - Failed to execute job 2185 for task pipeline ([Errno 2] No such file or directory: './data/train/homework.csv'; 16223)
[2024-06-05T20:48:41.954+0000] {local_task_job_runner.py:240} INFO - Task exited with return code 1
[2024-06-05T20:48:41.968+0000] {taskinstance.py:3498} INFO - 0 downstream tasks scheduled from follow-on schedule check
[2024-06-05T20:48:41.970+0000] {local_task_job_runner.py:222} INFO - ::endgroup::
[2024-06-07T16:57:56.509+0000] {local_task_job_runner.py:120} INFO - ::group::Pre task execution logs
[2024-06-07T16:57:56.558+0000] {taskinstance.py:2076} INFO - Dependencies all met for dep_context=non-requeueable deps ti=<TaskInstance: car_price_prediction.pipeline scheduled__2023-09-08T15:00:00+00:00 [queued]>
[2024-06-07T16:57:56.567+0000] {taskinstance.py:2076} INFO - Dependencies all met for dep_context=requeueable deps ti=<TaskInstance: car_price_prediction.pipeline scheduled__2023-09-08T15:00:00+00:00 [queued]>
[2024-06-07T16:57:56.569+0000] {taskinstance.py:2306} INFO - Starting attempt 1 of 2
[2024-06-07T16:57:56.597+0000] {taskinstance.py:2330} INFO - Executing <Task(PythonOperator): pipeline> on 2023-09-08 15:00:00+00:00
[2024-06-07T16:57:56.630+0000] {standard_task_runner.py:90} INFO - Running: ['***', 'tasks', 'run', 'car_price_prediction', 'pipeline', 'scheduled__2023-09-08T15:00:00+00:00', '--job-id', '2809', '--raw', '--subdir', 'DAGS_FOLDER/hw_dag.py', '--cfg-path', '/tmp/tmpp31ugyg6']
[2024-06-07T16:57:56.631+0000] {standard_task_runner.py:91} INFO - Job 2809: Subtask pipeline
[2024-06-07T16:57:56.615+0000] {warnings.py:110} WARNING - /home/***/.local/lib/python3.12/site-packages/***/task/task_runner/standard_task_runner.py:61: DeprecationWarning: This process (pid=955) is multi-threaded, use of fork() may lead to deadlocks in the child.
  pid = os.fork()

[2024-06-07T16:57:56.635+0000] {standard_task_runner.py:63} INFO - Started process 1135 to run task
[2024-06-07T16:57:56.717+0000] {task_command.py:426} INFO - Running <TaskInstance: car_price_prediction.pipeline scheduled__2023-09-08T15:00:00+00:00 [running]> on host 8327df20ae13
[2024-06-07T16:57:56.864+0000] {taskinstance.py:2648} INFO - Exporting env vars: AIRFLOW_CTX_DAG_OWNER='***' AIRFLOW_CTX_DAG_ID='car_price_prediction' AIRFLOW_CTX_TASK_ID='pipeline' AIRFLOW_CTX_EXECUTION_DATE='2023-09-08T15:00:00+00:00' AIRFLOW_CTX_TRY_NUMBER='1' AIRFLOW_CTX_DAG_RUN_ID='scheduled__2023-09-08T15:00:00+00:00'
[2024-06-07T16:57:56.865+0000] {taskinstance.py:430} INFO - ::endgroup::
[2024-06-07T16:57:56.866+0000] {taskinstance.py:441} INFO - ::group::Post task execution logs
[2024-06-07T16:57:56.866+0000] {taskinstance.py:2905} ERROR - Task failed with exception
Traceback (most recent call last):
  File "/home/airflow/.local/lib/python3.12/site-packages/airflow/models/taskinstance.py", line 465, in _execute_task
    result = _execute_callable(context=context, **execute_callable_kwargs)
             ^^^^^^^^^^^^^^^^^^^^^^^^^^^^^^^^^^^^^^^^^^^^^^^^^^^^^^^^^^^^^
  File "/home/airflow/.local/lib/python3.12/site-packages/airflow/models/taskinstance.py", line 432, in _execute_callable
    return execute_callable(context=context, **execute_callable_kwargs)
           ^^^^^^^^^^^^^^^^^^^^^^^^^^^^^^^^^^^^^^^^^^^^^^^^^^^^^^^^^^^^
  File "/home/airflow/.local/lib/python3.12/site-packages/airflow/models/baseoperator.py", line 400, in wrapper
    return func(self, *args, **kwargs)
           ^^^^^^^^^^^^^^^^^^^^^^^^^^^
  File "/home/airflow/.local/lib/python3.12/site-packages/airflow/operators/python.py", line 235, in execute
    return_value = self.execute_callable()
                   ^^^^^^^^^^^^^^^^^^^^^^^
  File "/home/airflow/.local/lib/python3.12/site-packages/airflow/operators/python.py", line 252, in execute_callable
    return self.python_callable(*self.op_args, **self.op_kwargs)
           ^^^^^^^^^^^^^^^^^^^^^^^^^^^^^^^^^^^^^^^^^^^^^^^^^^^^^
  File "/home/airflow/airflow_hw/modules/pipeline.py", line 92, in pipeline
    df = pd.read_csv(f'{path}/data/train/homework.csv')
         ^^^^^^^^^^^^^^^^^^^^^^^^^^^^^^^^^^^^^^^^^^^^^^
  File "/home/airflow/.local/lib/python3.12/site-packages/pandas/io/parsers/readers.py", line 948, in read_csv
    return _read(filepath_or_buffer, kwds)
           ^^^^^^^^^^^^^^^^^^^^^^^^^^^^^^^
  File "/home/airflow/.local/lib/python3.12/site-packages/pandas/io/parsers/readers.py", line 611, in _read
    parser = TextFileReader(filepath_or_buffer, **kwds)
             ^^^^^^^^^^^^^^^^^^^^^^^^^^^^^^^^^^^^^^^^^^
  File "/home/airflow/.local/lib/python3.12/site-packages/pandas/io/parsers/readers.py", line 1448, in __init__
    self._engine = self._make_engine(f, self.engine)
                   ^^^^^^^^^^^^^^^^^^^^^^^^^^^^^^^^^
  File "/home/airflow/.local/lib/python3.12/site-packages/pandas/io/parsers/readers.py", line 1705, in _make_engine
    self.handles = get_handle(
                   ^^^^^^^^^^^
  File "/home/airflow/.local/lib/python3.12/site-packages/pandas/io/common.py", line 863, in get_handle
    handle = open(
             ^^^^^
FileNotFoundError: [Errno 2] No such file or directory: '/home/alexander/airflow_hw/data/train/homework.csv'
[2024-06-07T16:57:56.898+0000] {taskinstance.py:1206} INFO - Marking task as UP_FOR_RETRY. dag_id=car_price_prediction, task_id=pipeline, run_id=scheduled__2023-09-08T15:00:00+00:00, execution_date=20230908T150000, start_date=20240607T165756, end_date=20240607T165756
[2024-06-07T16:57:56.935+0000] {standard_task_runner.py:110} ERROR - Failed to execute job 2809 for task pipeline ([Errno 2] No such file or directory: '/home/alexander/airflow_hw/data/train/homework.csv'; 1135)
[2024-06-07T16:57:56.983+0000] {local_task_job_runner.py:240} INFO - Task exited with return code 1
[2024-06-07T16:57:57.022+0000] {taskinstance.py:3498} INFO - 0 downstream tasks scheduled from follow-on schedule check
[2024-06-07T16:57:57.024+0000] {local_task_job_runner.py:222} INFO - ::endgroup::
