[2024-06-07T18:26:45.061+0000] {local_task_job_runner.py:120} INFO - ::group::Pre task execution logs
[2024-06-07T18:26:45.073+0000] {taskinstance.py:2076} INFO - Dependencies all met for dep_context=non-requeueable deps ti=<TaskInstance: car_price_prediction.pipeline manual__2024-06-07T18:26:43.847983+00:00 [queued]>
[2024-06-07T18:26:45.077+0000] {taskinstance.py:2076} INFO - Dependencies all met for dep_context=requeueable deps ti=<TaskInstance: car_price_prediction.pipeline manual__2024-06-07T18:26:43.847983+00:00 [queued]>
[2024-06-07T18:26:45.077+0000] {taskinstance.py:2306} INFO - Starting attempt 1 of 2
[2024-06-07T18:26:45.085+0000] {taskinstance.py:2330} INFO - Executing <Task(PythonOperator): pipeline> on 2024-06-07 18:26:43.847983+00:00
[2024-06-07T18:26:45.093+0000] {warnings.py:110} WARNING - /home/***/.local/lib/python3.12/site-packages/***/task/task_runner/standard_task_runner.py:61: DeprecationWarning: This process (pid=90) is multi-threaded, use of fork() may lead to deadlocks in the child.
  pid = os.fork()

[2024-06-07T18:26:45.094+0000] {standard_task_runner.py:63} INFO - Started process 104 to run task
[2024-06-07T18:26:45.094+0000] {standard_task_runner.py:90} INFO - Running: ['***', 'tasks', 'run', 'car_price_prediction', 'pipeline', 'manual__2024-06-07T18:26:43.847983+00:00', '--job-id', '2894', '--raw', '--subdir', 'DAGS_FOLDER/hw_dag.py', '--cfg-path', '/tmp/tmpqwp33vxe']
[2024-06-07T18:26:45.095+0000] {standard_task_runner.py:91} INFO - Job 2894: Subtask pipeline
[2024-06-07T18:26:45.121+0000] {task_command.py:426} INFO - Running <TaskInstance: car_price_prediction.pipeline manual__2024-06-07T18:26:43.847983+00:00 [running]> on host db7ba731c0de
[2024-06-07T18:26:45.174+0000] {taskinstance.py:2648} INFO - Exporting env vars: AIRFLOW_CTX_DAG_OWNER='***' AIRFLOW_CTX_DAG_ID='car_price_prediction' AIRFLOW_CTX_TASK_ID='pipeline' AIRFLOW_CTX_EXECUTION_DATE='2024-06-07T18:26:43.847983+00:00' AIRFLOW_CTX_TRY_NUMBER='1' AIRFLOW_CTX_DAG_RUN_ID='manual__2024-06-07T18:26:43.847983+00:00'
[2024-06-07T18:26:45.174+0000] {taskinstance.py:430} INFO - ::endgroup::
[2024-06-07T18:26:45.821+0000] {pipeline.py:138} INFO - model: LogisticRegression, acc_mean: 0.7591, acc_std: 0.0075
[2024-06-07T18:26:55.784+0000] {pipeline.py:138} INFO - model: RandomForestClassifier, acc_mean: 0.7774, acc_std: 0.0024
[2024-06-07T18:27:01.175+0000] {pipeline.py:138} INFO - model: SVC, acc_mean: 0.7871, acc_std: 0.0042
[2024-06-07T18:27:01.176+0000] {pipeline.py:143} INFO - best model: SVC, accuracy: 0.7871
[2024-06-07T18:27:03.013+0000] {pipeline.py:163} INFO - /home/***/***_hw/data/models/cars_pipe_202406071827.pkl
[2024-06-07T18:27:03.013+0000] {pipeline.py:165} INFO - Model is saved as /home/***/***_hw/data/models/cars_pipe_202406071827.pkl
[2024-06-07T18:27:03.014+0000] {python.py:237} INFO - Done. Returned value was: None
[2024-06-07T18:27:03.014+0000] {taskinstance.py:441} INFO - ::group::Post task execution logs
[2024-06-07T18:27:03.020+0000] {taskinstance.py:1206} INFO - Marking task as SUCCESS. dag_id=car_price_prediction, task_id=pipeline, run_id=manual__2024-06-07T18:26:43.847983+00:00, execution_date=20240607T182643, start_date=20240607T182645, end_date=20240607T182703
[2024-06-07T18:27:03.050+0000] {local_task_job_runner.py:240} INFO - Task exited with return code 0
[2024-06-07T18:27:03.061+0000] {taskinstance.py:3498} INFO - 1 downstream tasks scheduled from follow-on schedule check
[2024-06-07T18:27:03.063+0000] {local_task_job_runner.py:222} INFO - ::endgroup::
