[2024-06-08T13:23:20.527+0000] {local_task_job_runner.py:120} INFO - ::group::Pre task execution logs
[2024-06-08T13:23:20.537+0000] {taskinstance.py:2076} INFO - Dependencies all met for dep_context=non-requeueable deps ti=<TaskInstance: car_price_prediction.predict manual__2024-06-08T13:22:58.239225+00:00 [queued]>
[2024-06-08T13:23:20.541+0000] {taskinstance.py:2076} INFO - Dependencies all met for dep_context=requeueable deps ti=<TaskInstance: car_price_prediction.predict manual__2024-06-08T13:22:58.239225+00:00 [queued]>
[2024-06-08T13:23:20.541+0000] {taskinstance.py:2306} INFO - Starting attempt 1 of 2
[2024-06-08T13:23:20.549+0000] {taskinstance.py:2330} INFO - Executing <Task(PythonOperator): predict> on 2024-06-08 13:22:58.239225+00:00
[2024-06-08T13:23:20.556+0000] {warnings.py:110} WARNING - /home/***/.local/lib/python3.12/site-packages/***/task/task_runner/standard_task_runner.py:61: DeprecationWarning: This process (pid=117) is multi-threaded, use of fork() may lead to deadlocks in the child.
  pid = os.fork()

[2024-06-08T13:23:20.556+0000] {standard_task_runner.py:63} INFO - Started process 131 to run task
[2024-06-08T13:23:20.557+0000] {standard_task_runner.py:90} INFO - Running: ['***', 'tasks', 'run', 'car_price_prediction', 'predict', 'manual__2024-06-08T13:22:58.239225+00:00', '--job-id', '2928', '--raw', '--subdir', 'DAGS_FOLDER/hw_dag.py', '--cfg-path', '/tmp/tmpra_k_cmu']
[2024-06-08T13:23:20.557+0000] {standard_task_runner.py:91} INFO - Job 2928: Subtask predict
[2024-06-08T13:23:20.580+0000] {task_command.py:426} INFO - Running <TaskInstance: car_price_prediction.predict manual__2024-06-08T13:22:58.239225+00:00 [running]> on host 46bf0bf11538
[2024-06-08T13:23:20.624+0000] {taskinstance.py:2648} INFO - Exporting env vars: AIRFLOW_CTX_DAG_OWNER='***' AIRFLOW_CTX_DAG_ID='car_price_prediction' AIRFLOW_CTX_TASK_ID='predict' AIRFLOW_CTX_EXECUTION_DATE='2024-06-08T13:22:58.239225+00:00' AIRFLOW_CTX_TRY_NUMBER='1' AIRFLOW_CTX_DAG_RUN_ID='manual__2024-06-08T13:22:58.239225+00:00'
[2024-06-08T13:23:20.624+0000] {taskinstance.py:430} INFO - ::endgroup::
[2024-06-08T13:23:20.625+0000] {predict.py:36} WARNING - /home/***/***_hw/data/models/cars_pipe_202406081323.pkl
[2024-06-08T13:23:20.626+0000] {predict.py:42} WARNING - model loaded successfully
[2024-06-08T13:23:20.627+0000] {predict.py:47} WARNING - /home/***/***_hw
[2024-06-08T13:23:20.627+0000] {predict.py:48} WARNING - ['/home/***/***_hw/data/test/7310993818.json', '/home/***/***_hw/data/test/7316509996.json', '/home/***/***_hw/data/test/7315173150.json', '/home/***/***_hw/data/test/7316152972.json', '/home/***/***_hw/data/test/7313922964.json']
[2024-06-08T13:23:20.631+0000] {predict.py:56} WARNING - df_list append
[2024-06-08T13:23:20.632+0000] {predict.py:60} WARNING - df_list concat
[2024-06-08T13:23:20.647+0000] {predict.py:64} WARNING - predict
[2024-06-08T13:23:20.651+0000] {predict.py:69} WARNING - save
[2024-06-08T13:23:20.651+0000] {python.py:237} INFO - Done. Returned value was: None
[2024-06-08T13:23:20.651+0000] {taskinstance.py:441} INFO - ::group::Post task execution logs
[2024-06-08T13:23:20.657+0000] {taskinstance.py:1206} INFO - Marking task as SUCCESS. dag_id=car_price_prediction, task_id=predict, run_id=manual__2024-06-08T13:22:58.239225+00:00, execution_date=20240608T132258, start_date=20240608T132320, end_date=20240608T132320
[2024-06-08T13:23:20.689+0000] {local_task_job_runner.py:240} INFO - Task exited with return code 0
[2024-06-08T13:23:20.698+0000] {taskinstance.py:3498} INFO - 0 downstream tasks scheduled from follow-on schedule check
[2024-06-08T13:23:20.699+0000] {local_task_job_runner.py:222} INFO - ::endgroup::
