[2024-06-07T19:33:06.517+0000] {local_task_job_runner.py:120} INFO - ::group::Pre task execution logs
[2024-06-07T19:33:06.529+0000] {taskinstance.py:2076} INFO - Dependencies all met for dep_context=non-requeueable deps ti=<TaskInstance: car_price_prediction.pipeline manual__2024-06-07T19:33:04.751890+00:00 [queued]>
[2024-06-07T19:33:06.533+0000] {taskinstance.py:2076} INFO - Dependencies all met for dep_context=requeueable deps ti=<TaskInstance: car_price_prediction.pipeline manual__2024-06-07T19:33:04.751890+00:00 [queued]>
[2024-06-07T19:33:06.533+0000] {taskinstance.py:2306} INFO - Starting attempt 1 of 2
[2024-06-07T19:33:06.541+0000] {taskinstance.py:2330} INFO - Executing <Task(PythonOperator): pipeline> on 2024-06-07 19:33:04.751890+00:00
[2024-06-07T19:33:06.549+0000] {warnings.py:110} WARNING - /home/***/.local/lib/python3.12/site-packages/***/task/task_runner/standard_task_runner.py:61: DeprecationWarning: This process (pid=104) is multi-threaded, use of fork() may lead to deadlocks in the child.
  pid = os.fork()

[2024-06-07T19:33:06.550+0000] {standard_task_runner.py:63} INFO - Started process 118 to run task
[2024-06-07T19:33:06.550+0000] {standard_task_runner.py:90} INFO - Running: ['***', 'tasks', 'run', 'car_price_prediction', 'pipeline', 'manual__2024-06-07T19:33:04.751890+00:00', '--job-id', '2917', '--raw', '--subdir', 'DAGS_FOLDER/hw_dag.py', '--cfg-path', '/tmp/tmpmu3_92gk']
[2024-06-07T19:33:06.551+0000] {standard_task_runner.py:91} INFO - Job 2917: Subtask pipeline
[2024-06-07T19:33:06.575+0000] {task_command.py:426} INFO - Running <TaskInstance: car_price_prediction.pipeline manual__2024-06-07T19:33:04.751890+00:00 [running]> on host 96862358bf0b
[2024-06-07T19:33:06.623+0000] {taskinstance.py:2648} INFO - Exporting env vars: AIRFLOW_CTX_DAG_OWNER='***' AIRFLOW_CTX_DAG_ID='car_price_prediction' AIRFLOW_CTX_TASK_ID='pipeline' AIRFLOW_CTX_EXECUTION_DATE='2024-06-07T19:33:04.751890+00:00' AIRFLOW_CTX_TRY_NUMBER='1' AIRFLOW_CTX_DAG_RUN_ID='manual__2024-06-07T19:33:04.751890+00:00'
[2024-06-07T19:33:06.623+0000] {taskinstance.py:430} INFO - ::endgroup::
[2024-06-07T19:33:07.258+0000] {pipeline.py:138} INFO - model: LogisticRegression, acc_mean: 0.7591, acc_std: 0.0075
[2024-06-07T19:33:17.059+0000] {pipeline.py:138} INFO - model: RandomForestClassifier, acc_mean: 0.7765, acc_std: 0.0044
[2024-06-07T19:33:22.481+0000] {pipeline.py:138} INFO - model: SVC, acc_mean: 0.7871, acc_std: 0.0042
[2024-06-07T19:33:22.481+0000] {pipeline.py:143} INFO - best model: SVC, accuracy: 0.7871
[2024-06-07T19:33:24.372+0000] {pipeline.py:163} INFO - /home/***/***_hw/data/models/cars_pipe_202406071933.pkl
[2024-06-07T19:33:24.372+0000] {pipeline.py:165} INFO - Model is saved as /home/***/***_hw/data/models/cars_pipe_202406071933.pkl
[2024-06-07T19:33:24.373+0000] {python.py:237} INFO - Done. Returned value was: None
[2024-06-07T19:33:24.374+0000] {taskinstance.py:441} INFO - ::group::Post task execution logs
[2024-06-07T19:33:24.379+0000] {taskinstance.py:1206} INFO - Marking task as SUCCESS. dag_id=car_price_prediction, task_id=pipeline, run_id=manual__2024-06-07T19:33:04.751890+00:00, execution_date=20240607T193304, start_date=20240607T193306, end_date=20240607T193324
[2024-06-07T19:33:24.423+0000] {local_task_job_runner.py:240} INFO - Task exited with return code 0
[2024-06-07T19:33:24.434+0000] {taskinstance.py:3498} INFO - 1 downstream tasks scheduled from follow-on schedule check
[2024-06-07T19:33:24.436+0000] {local_task_job_runner.py:222} INFO - ::endgroup::
