[2024-06-07T18:16:33.244+0000] {local_task_job_runner.py:120} INFO - ::group::Pre task execution logs
[2024-06-07T18:16:33.254+0000] {taskinstance.py:2076} INFO - Dependencies all met for dep_context=non-requeueable deps ti=<TaskInstance: car_price_prediction.pipeline manual__2024-06-07T18:16:31.331648+00:00 [queued]>
[2024-06-07T18:16:33.257+0000] {taskinstance.py:2076} INFO - Dependencies all met for dep_context=requeueable deps ti=<TaskInstance: car_price_prediction.pipeline manual__2024-06-07T18:16:31.331648+00:00 [queued]>
[2024-06-07T18:16:33.257+0000] {taskinstance.py:2306} INFO - Starting attempt 1 of 2
[2024-06-07T18:16:33.264+0000] {taskinstance.py:2330} INFO - Executing <Task(PythonOperator): pipeline> on 2024-06-07 18:16:31.331648+00:00
[2024-06-07T18:16:33.272+0000] {warnings.py:110} WARNING - /home/***/.local/lib/python3.12/site-packages/***/task/task_runner/standard_task_runner.py:61: DeprecationWarning: This process (pid=147) is multi-threaded, use of fork() may lead to deadlocks in the child.
  pid = os.fork()

[2024-06-07T18:16:33.273+0000] {standard_task_runner.py:63} INFO - Started process 161 to run task
[2024-06-07T18:16:33.273+0000] {standard_task_runner.py:90} INFO - Running: ['***', 'tasks', 'run', 'car_price_prediction', 'pipeline', 'manual__2024-06-07T18:16:31.331648+00:00', '--job-id', '2884', '--raw', '--subdir', 'DAGS_FOLDER/hw_dag.py', '--cfg-path', '/tmp/tmpwrdbrbd3']
[2024-06-07T18:16:33.274+0000] {standard_task_runner.py:91} INFO - Job 2884: Subtask pipeline
[2024-06-07T18:16:33.296+0000] {task_command.py:426} INFO - Running <TaskInstance: car_price_prediction.pipeline manual__2024-06-07T18:16:31.331648+00:00 [running]> on host 23149627dc8e
[2024-06-07T18:16:33.338+0000] {taskinstance.py:2648} INFO - Exporting env vars: AIRFLOW_CTX_DAG_OWNER='***' AIRFLOW_CTX_DAG_ID='car_price_prediction' AIRFLOW_CTX_TASK_ID='pipeline' AIRFLOW_CTX_EXECUTION_DATE='2024-06-07T18:16:31.331648+00:00' AIRFLOW_CTX_TRY_NUMBER='1' AIRFLOW_CTX_DAG_RUN_ID='manual__2024-06-07T18:16:31.331648+00:00'
[2024-06-07T18:16:33.339+0000] {taskinstance.py:430} INFO - ::endgroup::
[2024-06-07T18:16:33.971+0000] {pipeline.py:138} INFO - model: LogisticRegression, acc_mean: 0.7591, acc_std: 0.0075
[2024-06-07T18:16:44.036+0000] {pipeline.py:138} INFO - model: RandomForestClassifier, acc_mean: 0.7771, acc_std: 0.0066
[2024-06-07T18:16:49.760+0000] {pipeline.py:138} INFO - model: SVC, acc_mean: 0.7871, acc_std: 0.0042
[2024-06-07T18:16:49.760+0000] {pipeline.py:143} INFO - best model: SVC, accuracy: 0.7871
[2024-06-07T18:16:51.728+0000] {pipeline.py:163} INFO - /home/***/***_hw/data/models/cars_pipe_202406071816.pkl
[2024-06-07T18:16:51.728+0000] {pipeline.py:165} INFO - Model is saved as /home/***/***_hw/data/models/cars_pipe_202406071816.pkl
[2024-06-07T18:16:51.730+0000] {python.py:237} INFO - Done. Returned value was: None
[2024-06-07T18:16:51.730+0000] {taskinstance.py:441} INFO - ::group::Post task execution logs
[2024-06-07T18:16:51.736+0000] {taskinstance.py:1206} INFO - Marking task as SUCCESS. dag_id=car_price_prediction, task_id=pipeline, run_id=manual__2024-06-07T18:16:31.331648+00:00, execution_date=20240607T181631, start_date=20240607T181633, end_date=20240607T181651
[2024-06-07T18:16:51.792+0000] {local_task_job_runner.py:240} INFO - Task exited with return code 0
[2024-06-07T18:16:51.804+0000] {taskinstance.py:3498} INFO - 1 downstream tasks scheduled from follow-on schedule check
[2024-06-07T18:16:51.806+0000] {local_task_job_runner.py:222} INFO - ::endgroup::
